18:56:52.457 [main                     ] DEBUG Logger               - Configured Logger
18:56:52.492 [main                     ] DEBUG GameApplication      - Logging settings
Title: WarAge
Version: 0.1
Width: 1600
Height: 800
Fullscreen: true
Intro: false
Profiling: false
Single step:false
App Mode: DEVELOPER
Menu Key: ESCAPE
Stage Style: DECORATED
Scene Factory: class com.almasb.fxgl.app.scene.SceneFactory

18:56:53.015 [JavaFX Application Thread] DEBUG FXGLApplication      - Initializing FXGL
18:56:53.020 [JavaFX Application Thread] INFO  Engine               - FXGL-17.2 (20.08.2022 16.50) on WINDOWS (J:23.0.2 FX:23.0.1)
18:56:53.020 [JavaFX Application Thread] DEBUG Engine               - JRE Vendor Name: Oracle Corporation
18:56:53.020 [JavaFX Application Thread] DEBUG Engine               - Running on OS: Windows 11 version 10.0
18:56:53.020 [JavaFX Application Thread] DEBUG Engine               - Architecture: amd64
18:56:53.020 [JavaFX Application Thread] INFO  Engine               - Source code and latest versions at: https://github.com/AlmasB/FXGL
18:56:53.022 [JavaFX Application Thread] INFO  Engine               -       Ask questions and discuss at: https://github.com/AlmasB/FXGL/discussions
18:56:53.022 [JavaFX Application Thread] INFO  Engine               -              Join the FXGL chat at: https://gitter.im/AlmasB/FXGL
18:56:53.135 [JavaFX Application Thread] DEBUG PrimaryStageWindow   - Creating a JavaFX scene
18:56:53.180 [JavaFX Application Thread] DEBUG PrimaryStageWindow   - Target settings size: 1600.0 x 800.0
18:56:53.180 [JavaFX Application Thread] DEBUG PrimaryStageWindow   - Scaled scene size:    1600.0 x 800.0
18:56:53.181 [JavaFX Application Thread] DEBUG PrimaryStageWindow   - Scaled ratio: (1.0, 1.0)
18:56:53.182 [JavaFX Application Thread] DEBUG PrimaryStageWindow   - Set initial scene to FXGLStartupScene
18:56:53.186 [JavaFX Application Thread] DEBUG PrimaryStageWindow   - Opening main window
18:56:53.589 [JavaFX Application Thread] DEBUG PrimaryStageWindow   - Window border size: (16.0, 39.0)
18:56:53.590 [JavaFX Application Thread] DEBUG PrimaryStageWindow   - Scaled size: 1600.0 x 800.0
18:56:53.590 [JavaFX Application Thread] DEBUG PrimaryStageWindow   - Scaled ratio: (1.0, 1.0)
18:56:53.591 [JavaFX Application Thread] DEBUG PrimaryStageWindow   - Scene size: 1600.0 x 800.0
18:56:53.593 [JavaFX Application Thread] DEBUG PrimaryStageWindow   - Stage size: 1616.0 x 839.0
18:56:53.721 [JavaFX Application Thread] DEBUG PrimaryStageWindow   - Going fullscreen
18:56:53.735 [FXGL Background Thread 1 ] DEBUG Engine               - Initializing environment variables
18:56:53.813 [FXGL Background Thread 1 ] DEBUG FXGLAssetLoaderServi - User app class for loading assets: class com.warage.TowerDefenseGameApp
18:56:53.814 [FXGL Background Thread 1 ] DEBUG GameApplicationServi - Applying CSS: fxgl_dark.css
18:56:53.816 [FXGL Background Thread 1 ] DEBUG FXGLAssetLoaderServi - Loading from file system: jar:file:///C:/Users/kiril_aisqzer/.m2/repository/com/github/almasb/fxgl/17.2/fxgl-17.2.jar!/fxglassets/ui/css/fxgl_dark.css
18:56:53.880 [FXGL Background Thread 1 ] DEBUG GameApplicationServi - Initializing application scenes
18:56:53.964 [FXGL Background Thread 1 ] DEBUG GameWorld            - Game world initialized
18:56:54.027 [FXGL Background Thread 1 ] DEBUG PhysicsWorld         - Physics world initialized: appHeight=800, physics.ppm=50,0
18:56:54.027 [FXGL Background Thread 1 ] DEBUG PhysicsWorld         - Using strategy: BRUTE_FORCE
18:56:54.033 [FXGL Background Thread 1 ] DEBUG GameScene            - Game scene initialized: 1600x800
18:56:54.049 [FXGL Background Thread 1 ] DEBUG FXGL.DefaultMenu     - createMenuBodyGameMenu()
18:56:54.063 [FXGL Background Thread 1 ] DEBUG FXGL.DefaultMenu     - createOptionsMenu()
18:56:54.080 [FXGL Background Thread 1 ] DEBUG FXGLAssetLoaderServi - Loading from file system: jar:file:///C:/Users/kiril_aisqzer/.m2/repository/com/github/almasb/fxgl/17.2/fxgl-17.2.jar!/fxglassets/textures/particles/smoke.png
18:56:54.178 [FXGL Background Thread 1 ] DEBUG FXGLAssetLoaderServi - Loading from file system: jar:file:///C:/Users/kiril_aisqzer/.m2/repository/com/github/almasb/fxgl/17.2/fxgl-17.2.jar!/fxglassets/textures/particles/trace_horizontal.png
18:56:54.204 [FXGL Background Thread 1 ] DEBUG GameApplicationServi - Application scenes initialized
18:56:54.223 [FXGL Background Thread 1 ] DEBUG SystemBundleService  - Loading FXGL system data
18:56:54.225 [FXGL Background Thread 1 ] DEBUG FileSystemAccess     - Reading from: D:\WarAge\WarAge-TD\system\fxgl.bundle
18:56:54.230 [FXGL Background Thread 1 ] DEBUG SystemBundleService  - Bundle FXGL: {}
18:56:54.230 [FXGL Background Thread 1 ] DEBUG UpdaterService       - Checking for updates
18:56:54.234 [FXGL Background Thread 4 ] DEBUG FXGLApplication      - Loading fonts
18:56:54.234 [FXGL Background Thread 1 ] DEBUG FXGLApplication      - Loading default localization
18:56:54.236 [FXGL Background Thread 4 ] DEBUG FXGLAssetLoaderServi - Loading from file system: jar:file:///C:/Users/kiril_aisqzer/.m2/repository/com/github/almasb/fxgl/17.2/fxgl-17.2.jar!/fxglassets/ui/fonts/VarelaRound-Regular.ttf
18:56:54.236 [FXGL Background Thread 1 ] DEBUG FXGLAssetLoaderServi - Loading from file system: jar:file:///C:/Users/kiril_aisqzer/.m2/repository/com/github/almasb/fxgl/17.2/fxgl-17.2.jar!/fxglassets/languages/english.lang
18:56:54.252 [FXGL Background Thread 4 ] DEBUG FXGLAssetLoaderServi - Loading from file system: jar:file:///C:/Users/kiril_aisqzer/.m2/repository/com/github/almasb/fxgl/17.2/fxgl-17.2.jar!/fxglassets/ui/fonts/Abel-Regular.ttf
18:56:54.258 [FXGL Background Thread 4 ] DEBUG FXGLAssetLoaderServi - Loading from file system: jar:file:///C:/Users/kiril_aisqzer/.m2/repository/com/github/almasb/fxgl/17.2/fxgl-17.2.jar!/fxglassets/ui/fonts/TerminalLandMono-Regular.otf
18:56:54.261 [FXGL Background Thread 1 ] INFO  FXGLApplication      - FXGL initialization took: 0,527 sec
18:56:54.263 [JavaFX Application Thread] DEBUG FXGLAssetLoaderServi - Loading from file system: jar:file:///C:/Users/kiril_aisqzer/.m2/repository/com/github/almasb/fxgl/17.2/fxgl-17.2.jar!/fxglassets/textures/fxgl_icon.png
18:56:54.265 [FXGL Background Thread 4 ] DEBUG FXGLAssetLoaderServi - Loading from file system: jar:file:///C:/Users/kiril_aisqzer/.m2/repository/com/github/almasb/fxgl/17.2/fxgl-17.2.jar!/fxglassets/ui/fonts/Courier-Prime.ttf
18:56:54.284 [JavaFX Application Thread] DEBUG FXGLAssetLoaderServi - Loading from file system: jar:file:///C:/Users/kiril_aisqzer/.m2/repository/com/github/almasb/fxgl/17.2/fxgl-17.2.jar!/fxglassets/textures/fxgl_default_cursor.png
18:56:54.293 [JavaFX Application Thread] DEBUG Input                - Registered new binding: Screenshot - CTRL+8
18:56:54.295 [JavaFX Application Thread] DEBUG Input                - Registered new binding: System info dump - CTRL+9
18:56:54.295 [JavaFX Application Thread] DEBUG Input                - Registered new binding: Restart - CTRL+R
18:56:54.295 [JavaFX Application Thread] DEBUG Input                - Registered new binding: Toggle Debug Camera - CTRL+7
18:56:54.304 [JavaFX Application Thread] DEBUG LoopRunner           - Starting loop
18:56:54.305 [JavaFX Application Thread] DEBUG LoopRunner           - Initializing JavaFX AnimationTimerLoop
18:56:54.307 [JavaFX Application Thread] DEBUG GameApplicationServi - Starting new game
18:56:54.308 [JavaFX Application Thread] DEBUG Input                - Clearing active input actions
18:56:54.320 [JavaFX Application Thread] DEBUG GameApplicationServi - Removing overlay from FXGLStartupScene and adding to FXGLLoadingScene
18:56:54.321 [JavaFX Application Thread] DEBUG PrimaryStageWindow   - FXGLStartupScene -> FXGLLoadingScene
18:56:54.321 [JavaFX Application Thread] DEBUG GameApplicationServi - Clearing previous game
18:56:54.321 [JavaFX Application Thread] DEBUG GameScene            - Clearing game scene
18:56:54.321 [JavaFX Application Thread] DEBUG GameWorld            - Clearing game world
18:56:54.321 [JavaFX Application Thread] DEBUG PhysicsWorld         - Clearing physics world
18:56:54.324 [JavaFX Application Thread] DEBUG FXGLApplication      - Registering font factories with UI factory
18:56:54.389 [FXGL Background Thread 4 ] INFO  FXGLApplication      - Game initialization took: 0,066 sec
18:56:54.393 [JavaFX Application Thread] DEBUG Input                - Clearing active input actions
18:56:54.421 [JavaFX Application Thread] DEBUG GameApplicationServi - Removing overlay from FXGLLoadingScene and adding to GameScene
18:56:54.423 [JavaFX Application Thread] DEBUG PrimaryStageWindow   - FXGLLoadingScene -> GameScene
18:56:54.975 [FXGL Background Thread 2 ] INFO  UpdaterService       - Your current version:  17.2
18:56:54.975 [FXGL Background Thread 2 ] INFO  UpdaterService       - Latest stable version: 21.1
18:56:57.234 [FXGL Background Thread 3 ] DEBUG Engine               - Logging environment variables
18:56:57.234 [FXGL Background Thread 3 ] DEBUG Engine               - achievements: []
18:56:57.234 [FXGL Background Thread 3 ] DEBUG Engine               - actualHeight: 1080.0
18:56:57.234 [FXGL Background Thread 3 ] DEBUG Engine               - actualHeightProperty: ReadOnlyDoubleProperty [value: 1080.0]
18:56:57.234 [FXGL Background Thread 3 ] DEBUG Engine               - actualWidth: 1920.0
18:56:57.234 [FXGL Background Thread 3 ] DEBUG Engine               - actualWidthProperty: ReadOnlyDoubleProperty [value: 1920.0]
18:56:57.234 [FXGL Background Thread 3 ] DEBUG Engine               - appIcon: fxgl_icon.png
18:56:57.235 [FXGL Background Thread 3 ] DEBUG Engine               - applicationMode: DEVELOPER
18:56:57.235 [FXGL Background Thread 3 ] DEBUG Engine               - cSSList: [fxgl_dark.css]
18:56:57.235 [FXGL Background Thread 3 ] DEBUG Engine               - collisionDetectionStrategy: BRUTE_FORCE
18:56:57.235 [FXGL Background Thread 3 ] DEBUG Engine               - configClass: Optional.empty
18:56:57.235 [FXGL Background Thread 3 ] DEBUG Engine               - credits: []
18:56:57.235 [FXGL Background Thread 3 ] DEBUG Engine               - defaultCursor: CursorInfo(imageName=fxgl_default_cursor.png, hotspotX=7.0, hotspotY=6.0)
18:56:57.236 [FXGL Background Thread 3 ] DEBUG Engine               - devBBoxColorProperty: ObjectProperty [value: 0xff0000ff]
18:56:57.236 [FXGL Background Thread 3 ] DEBUG Engine               - devEnableDebugCameraProperty: BooleanProperty [value: false]
18:56:57.236 [FXGL Background Thread 3 ] DEBUG Engine               - devSensorColorProperty: ObjectProperty [value: 0xffff00ff]
18:56:57.236 [FXGL Background Thread 3 ] DEBUG Engine               - devShowBBoxProperty: BooleanProperty [value: false]
18:56:57.236 [FXGL Background Thread 3 ] DEBUG Engine               - devShowPositionProperty: BooleanProperty [value: false]
18:56:57.236 [FXGL Background Thread 3 ] DEBUG Engine               - enabledMenuItems: []
18:56:57.236 [FXGL Background Thread 3 ] DEBUG Engine               - engineServices: [class com.almasb.fxgl.app.services.FXGLAssetLoaderService, class com.almasb.fxgl.app.FXGLApplication$GameApplicationService, class com.almasb.fxgl.app.services.FXGLDialogService, class com.almasb.fxgl.app.services.IOTaskExecutorService, class com.almasb.fxgl.io.FileSystemService, class com.almasb.fxgl.localization.LocalizationService, class com.almasb.fxgl.app.services.SystemBundleService, class com.almasb.fxgl.profile.SaveLoadService, class com.almasb.fxgl.ui.FXGLUIFactoryServiceProvider, class com.almasb.fxgl.ui.FXGLDialogFactoryServiceProvider, class com.almasb.fxgl.audio.AudioPlayer, class com.almasb.fxgl.notification.impl.NotificationServiceProvider, class com.almasb.fxgl.achievement.AchievementService, class com.almasb.fxgl.cutscene.CutsceneService, class com.almasb.fxgl.minigames.MiniGameService, class com.almasb.fxgl.net.NetService, class com.almasb.fxgl.app.services.UpdaterService, class com.almasb.fxgl.dev.DevService]
18:56:57.236 [FXGL Background Thread 3 ] DEBUG Engine               - fontGame: Abel-Regular.ttf
18:56:57.236 [FXGL Background Thread 3 ] DEBUG Engine               - fontMono: TerminalLandMono-Regular.otf
18:56:57.236 [FXGL Background Thread 3 ] DEBUG Engine               - fontText: Courier-Prime.ttf
18:56:57.236 [FXGL Background Thread 3 ] DEBUG Engine               - fontUI: VarelaRound-Regular.ttf
18:56:57.236 [FXGL Background Thread 3 ] DEBUG Engine               - fullScreen: BooleanProperty [value: true]
18:56:57.236 [FXGL Background Thread 3 ] DEBUG Engine               - gameDifficulty: MEDIUM
18:56:57.236 [FXGL Background Thread 3 ] DEBUG Engine               - gameDifficultyProperty: ObjectProperty [value: MEDIUM]
18:56:57.236 [FXGL Background Thread 3 ] DEBUG Engine               - globalMusicVolume: 0.5
18:56:57.236 [FXGL Background Thread 3 ] DEBUG Engine               - globalMusicVolumeProperty: DoubleProperty [value: 0.5]
18:56:57.236 [FXGL Background Thread 3 ] DEBUG Engine               - globalSoundVolume: 0.5
18:56:57.236 [FXGL Background Thread 3 ] DEBUG Engine               - globalSoundVolumeProperty: DoubleProperty [value: 0.5]
18:56:57.236 [FXGL Background Thread 3 ] DEBUG Engine               - height: 800
18:56:57.237 [FXGL Background Thread 3 ] DEBUG Engine               - is3D: false
18:56:57.237 [FXGL Background Thread 3 ] DEBUG Engine               - isAndroid: false
18:56:57.237 [FXGL Background Thread 3 ] DEBUG Engine               - isBrowser: false
18:56:57.237 [FXGL Background Thread 3 ] DEBUG Engine               - isClickFeedbackEnabled: false
18:56:57.237 [FXGL Background Thread 3 ] DEBUG Engine               - isCloseConfirmation: false
18:56:57.237 [FXGL Background Thread 3 ] DEBUG Engine               - isDesktop: true
18:56:57.237 [FXGL Background Thread 3 ] DEBUG Engine               - isDeveloperMenuEnabled: false
18:56:57.237 [FXGL Background Thread 3 ] DEBUG Engine               - isEmbedded: false
18:56:57.237 [FXGL Background Thread 3 ] DEBUG Engine               - isEntityPreloadEnabled: true
18:56:57.237 [FXGL Background Thread 3 ] DEBUG Engine               - isExperimentalTiledLargeMap: false
18:56:57.237 [FXGL Background Thread 3 ] DEBUG Engine               - isFileSystemWriteAllowed: true
18:56:57.237 [FXGL Background Thread 3 ] DEBUG Engine               - isFullScreenAllowed: true
18:56:57.237 [FXGL Background Thread 3 ] DEBUG Engine               - isFullScreenFromStart: true
18:56:57.237 [FXGL Background Thread 3 ] DEBUG Engine               - isGameMenuEnabled: true
18:56:57.237 [FXGL Background Thread 3 ] DEBUG Engine               - isIOS: false
18:56:57.237 [FXGL Background Thread 3 ] DEBUG Engine               - isIntroEnabled: false
18:56:57.237 [FXGL Background Thread 3 ] DEBUG Engine               - isLinux: false
18:56:57.237 [FXGL Background Thread 3 ] DEBUG Engine               - isMac: false
18:56:57.237 [FXGL Background Thread 3 ] DEBUG Engine               - isMainMenuEnabled: false
18:56:57.237 [FXGL Background Thread 3 ] DEBUG Engine               - isManualResizeEnabled: false
18:56:57.237 [FXGL Background Thread 3 ] DEBUG Engine               - isMobile: false
18:56:57.237 [FXGL Background Thread 3 ] DEBUG Engine               - isNative: false
18:56:57.237 [FXGL Background Thread 3 ] DEBUG Engine               - isPauseMusicWhenMinimized: true
18:56:57.237 [FXGL Background Thread 3 ] DEBUG Engine               - isPreserveResizeRatio: false
18:56:57.238 [FXGL Background Thread 3 ] DEBUG Engine               - isProfilingEnabled: false
18:56:57.238 [FXGL Background Thread 3 ] DEBUG Engine               - isScaleAffectedOnResize: true
18:56:57.238 [FXGL Background Thread 3 ] DEBUG Engine               - isSingleStep: false
18:56:57.238 [FXGL Background Thread 3 ] DEBUG Engine               - isUserProfileEnabled: false
18:56:57.238 [FXGL Background Thread 3 ] DEBUG Engine               - isWindows: true
18:56:57.238 [FXGL Background Thread 3 ] DEBUG Engine               - language: ObjectProperty [value: ENGLISH]
18:56:57.238 [FXGL Background Thread 3 ] DEBUG Engine               - menuKey: ESCAPE
18:56:57.238 [FXGL Background Thread 3 ] DEBUG Engine               - mouseSensitivity: 0.2
18:56:57.238 [FXGL Background Thread 3 ] DEBUG Engine               - notificationViewClass: class com.almasb.fxgl.notification.view.XboxNotificationView
18:56:57.238 [FXGL Background Thread 3 ] DEBUG Engine               - pixelsPerMeter: 50.0
18:56:57.238 [FXGL Background Thread 3 ] DEBUG Engine               - platform: WINDOWS
18:56:57.238 [FXGL Background Thread 3 ] DEBUG Engine               - prefHeightProperty: ReadOnlyDoubleProperty [value: 800.0]
18:56:57.238 [FXGL Background Thread 3 ] DEBUG Engine               - prefWidthProperty: ReadOnlyDoubleProperty [value: 1600.0]
18:56:57.238 [FXGL Background Thread 3 ] DEBUG Engine               - profileDir: profiles/
18:56:57.238 [FXGL Background Thread 3 ] DEBUG Engine               - profileName: StringProperty [value: DEFAULT]
18:56:57.238 [FXGL Background Thread 3 ] DEBUG Engine               - randomSeed: -1
18:56:57.238 [FXGL Background Thread 3 ] DEBUG Engine               - runtimeInfo: RuntimeInfo(platform=WINDOWS, version=17.2, build=20.08.2022 16.50)
18:56:57.239 [FXGL Background Thread 3 ] DEBUG Engine               - saveFileExt: sav
18:56:57.239 [FXGL Background Thread 3 ] DEBUG Engine               - scaledHeightProp$fxgl: DoubleProperty [bound, value: 1080.0]
18:56:57.239 [FXGL Background Thread 3 ] DEBUG Engine               - scaledWidthProp$fxgl: DoubleProperty [bound, value: 1920.0]
18:56:57.239 [FXGL Background Thread 3 ] DEBUG Engine               - sceneFactory: com.almasb.fxgl.app.scene.SceneFactory@1ad02c5d
18:56:57.239 [FXGL Background Thread 3 ] DEBUG Engine               - secondsIn24h: 60
18:56:57.239 [FXGL Background Thread 3 ] DEBUG Engine               - soundMenuBack: menu/back.wav
18:56:57.239 [FXGL Background Thread 3 ] DEBUG Engine               - soundMenuPress: menu/press.wav
18:56:57.239 [FXGL Background Thread 3 ] DEBUG Engine               - soundMenuSelect: menu/select.wav
18:56:57.239 [FXGL Background Thread 3 ] DEBUG Engine               - soundNotification: core/notification.wav
18:56:57.239 [FXGL Background Thread 3 ] DEBUG Engine               - stageStyle: DECORATED
18:56:57.239 [FXGL Background Thread 3 ] DEBUG Engine               - supportedLanguages: [ENGLISH, FRENCH, GERMAN, HUNGARIAN, RUSSIAN]
18:56:57.239 [FXGL Background Thread 3 ] DEBUG Engine               - ticksPerSecond: -1
18:56:57.239 [FXGL Background Thread 3 ] DEBUG Engine               - title: WarAge
18:56:57.239 [FXGL Background Thread 3 ] DEBUG Engine               - urlGithub: https://github.com/AlmasB/FXGL
18:56:57.239 [FXGL Background Thread 3 ] DEBUG Engine               - urlLeaderboard: http://fxgl-top.herokuapp.com/
18:56:57.239 [FXGL Background Thread 3 ] DEBUG Engine               - urlPOM: https://raw.githubusercontent.com/AlmasB/FXGL/release/README.md
18:56:57.239 [FXGL Background Thread 3 ] DEBUG Engine               - userAppClass: class com.warage.TowerDefenseGameApp
18:56:57.239 [FXGL Background Thread 3 ] DEBUG Engine               - version: 0.1
18:56:57.239 [FXGL Background Thread 3 ] DEBUG Engine               - versionCheckDays: 7
18:56:57.239 [FXGL Background Thread 3 ] DEBUG Engine               - width: 1600
18:56:57.239 [FXGL Background Thread 3 ] DEBUG Engine               - Logging services
18:56:57.239 [FXGL Background Thread 3 ] DEBUG Engine               - class com.almasb.fxgl.app.services.FXGLAssetLoaderService
18:56:57.239 [FXGL Background Thread 3 ] DEBUG Engine               - class com.almasb.fxgl.app.FXGLApplication$GameApplicationService
18:56:57.239 [FXGL Background Thread 3 ] DEBUG Engine               - class com.almasb.fxgl.app.services.FXGLDialogService
18:56:57.239 [FXGL Background Thread 3 ] DEBUG Engine               - class com.almasb.fxgl.app.services.IOTaskExecutorService
18:56:57.239 [FXGL Background Thread 3 ] DEBUG Engine               - class com.almasb.fxgl.io.FileSystemService
18:56:57.239 [FXGL Background Thread 3 ] DEBUG Engine               - class com.almasb.fxgl.localization.LocalizationService
18:56:57.239 [FXGL Background Thread 3 ] DEBUG Engine               - class com.almasb.fxgl.app.services.SystemBundleService
18:56:57.239 [FXGL Background Thread 3 ] DEBUG Engine               - class com.almasb.fxgl.profile.SaveLoadService
18:56:57.239 [FXGL Background Thread 3 ] DEBUG Engine               - class com.almasb.fxgl.ui.FXGLUIFactoryServiceProvider
18:56:57.239 [FXGL Background Thread 3 ] DEBUG Engine               - class com.almasb.fxgl.ui.FXGLDialogFactoryServiceProvider
18:56:57.239 [FXGL Background Thread 3 ] DEBUG Engine               - class com.almasb.fxgl.audio.AudioPlayer
18:56:57.239 [FXGL Background Thread 3 ] DEBUG Engine               - class com.almasb.fxgl.notification.impl.NotificationServiceProvider
18:56:57.239 [FXGL Background Thread 3 ] DEBUG Engine               - class com.almasb.fxgl.achievement.AchievementService
18:56:57.239 [FXGL Background Thread 3 ] DEBUG Engine               - class com.almasb.fxgl.cutscene.CutsceneService
18:56:57.239 [FXGL Background Thread 3 ] DEBUG Engine               - class com.almasb.fxgl.minigames.MiniGameService
18:56:57.239 [FXGL Background Thread 3 ] DEBUG Engine               - class com.almasb.fxgl.net.NetService
18:56:57.239 [FXGL Background Thread 3 ] DEBUG Engine               - class com.almasb.fxgl.app.services.UpdaterService
18:56:57.239 [FXGL Background Thread 3 ] DEBUG Engine               - class com.almasb.fxgl.dev.DevService
18:56:59.990 [JavaFX Application Thread] DEBUG PrimaryStageWindow   - Push state: FXGLDefaultMenu
18:56:59.992 [JavaFX Application Thread] DEBUG Input                - Clearing active input actions
18:56:59.994 [JavaFX Application Thread] DEBUG GameApplicationServi - Removing overlay from GameScene and adding to FXGLDefaultMenu
18:56:59.994 [JavaFX Application Thread] DEBUG PrimaryStageWindow   - GameScene -> FXGLDefaultMenu
18:57:01.227 [JavaFX Application Thread] DEBUG Menu                 - fireExit()
18:57:01.234 [JavaFX Application Thread] DEBUG PrimaryStageWindow   - Push state: DialogSubScene
18:57:01.234 [JavaFX Application Thread] DEBUG Input                - Clearing active input actions
18:57:01.235 [JavaFX Application Thread] DEBUG GameApplicationServi - Removing overlay from FXGLDefaultMenu and adding to DialogSubScene
18:57:01.235 [JavaFX Application Thread] DEBUG PrimaryStageWindow   - FXGLDefaultMenu -> DialogSubScene
18:57:02.098 [JavaFX Application Thread] DEBUG PrimaryStageWindow   - Pop state: DialogSubScene
18:57:02.098 [JavaFX Application Thread] DEBUG Input                - Clearing active input actions
18:57:02.099 [JavaFX Application Thread] DEBUG GameApplicationServi - Removing overlay from DialogSubScene and adding to FXGLDefaultMenu
18:57:02.099 [JavaFX Application Thread] DEBUG PrimaryStageWindow   - FXGLDefaultMenu <- DialogSubScene
18:57:02.099 [JavaFX Application Thread] DEBUG FXGLApplication      - Exiting FXGL
18:57:02.099 [JavaFX Application Thread] DEBUG LoopRunner           - Stopping loop
18:57:02.100 [JavaFX Application Thread] DEBUG SystemBundleService  - Saving FXGL system data
18:57:02.101 [JavaFX Application Thread] DEBUG FileSystemAccess     - Writing to: D:\WarAge\WarAge-TD\system\fxgl.bundle
18:57:02.101 [JavaFX Application Thread] DEBUG Async                - Shutting down background threads
18:57:02.102 [JavaFX Application Thread] DEBUG PrimaryStageWindow   - Closing main window
18:57:02.142 [JavaFX Application Thread] DEBUG Logger               - Closing Logger
