18:46:59.535 [main                     ] DEBUG Logger               - Configured Logger
18:46:59.569 [main                     ] DEBUG GameApplication      - Logging settings
Title: WarAge
Version: 0.1
Width: 1600
Height: 800
Fullscreen: true
Intro: false
Profiling: false
Single step:false
App Mode: DEVELOPER
Menu Key: ESCAPE
Stage Style: DECORATED
Scene Factory: class com.almasb.fxgl.app.scene.SceneFactory

18:47:00.086 [JavaFX Application Thread] DEBUG FXGLApplication      - Initializing FXGL
18:47:00.090 [JavaFX Application Thread] INFO  Engine               - FXGL-17.2 (20.08.2022 16.50) on WINDOWS (J:23.0.2 FX:23.0.1)
18:47:00.090 [JavaFX Application Thread] DEBUG Engine               - JRE Vendor Name: Oracle Corporation
18:47:00.091 [JavaFX Application Thread] DEBUG Engine               - Running on OS: Windows 11 version 10.0
18:47:00.091 [JavaFX Application Thread] DEBUG Engine               - Architecture: amd64
18:47:00.091 [JavaFX Application Thread] INFO  Engine               - Source code and latest versions at: https://github.com/AlmasB/FXGL
18:47:00.091 [JavaFX Application Thread] INFO  Engine               -       Ask questions and discuss at: https://github.com/AlmasB/FXGL/discussions
18:47:00.091 [JavaFX Application Thread] INFO  Engine               -              Join the FXGL chat at: https://gitter.im/AlmasB/FXGL
18:47:00.203 [JavaFX Application Thread] DEBUG PrimaryStageWindow   - Creating a JavaFX scene
18:47:00.266 [JavaFX Application Thread] DEBUG PrimaryStageWindow   - Target settings size: 1600.0 x 800.0
18:47:00.266 [JavaFX Application Thread] DEBUG PrimaryStageWindow   - Scaled scene size:    1600.0 x 800.0
18:47:00.268 [JavaFX Application Thread] DEBUG PrimaryStageWindow   - Scaled ratio: (1.0, 1.0)
18:47:00.270 [JavaFX Application Thread] DEBUG PrimaryStageWindow   - Set initial scene to FXGLStartupScene
18:47:00.277 [JavaFX Application Thread] DEBUG PrimaryStageWindow   - Opening main window
18:47:00.718 [JavaFX Application Thread] DEBUG PrimaryStageWindow   - Window border size: (16.0, 39.0)
18:47:00.719 [JavaFX Application Thread] DEBUG PrimaryStageWindow   - Scaled size: 1600.0 x 800.0
18:47:00.719 [JavaFX Application Thread] DEBUG PrimaryStageWindow   - Scaled ratio: (1.0, 1.0)
18:47:00.719 [JavaFX Application Thread] DEBUG PrimaryStageWindow   - Scene size: 1600.0 x 800.0
18:47:00.721 [JavaFX Application Thread] DEBUG PrimaryStageWindow   - Stage size: 1616.0 x 839.0
18:47:00.856 [JavaFX Application Thread] DEBUG PrimaryStageWindow   - Going fullscreen
18:47:00.870 [FXGL Background Thread 1 ] DEBUG Engine               - Initializing environment variables
18:47:00.946 [FXGL Background Thread 1 ] DEBUG FXGLAssetLoaderServi - User app class for loading assets: class com.warage.TowerDefenseGameApp
18:47:00.946 [FXGL Background Thread 1 ] DEBUG GameApplicationServi - Applying CSS: fxgl_dark.css
18:47:00.949 [FXGL Background Thread 1 ] DEBUG FXGLAssetLoaderServi - Loading from file system: jar:file:///C:/Users/kiril_aisqzer/.m2/repository/com/github/almasb/fxgl/17.2/fxgl-17.2.jar!/fxglassets/ui/css/fxgl_dark.css
18:47:01.029 [FXGL Background Thread 1 ] DEBUG GameApplicationServi - Initializing application scenes
18:47:01.117 [FXGL Background Thread 1 ] DEBUG GameWorld            - Game world initialized
18:47:01.190 [FXGL Background Thread 1 ] DEBUG PhysicsWorld         - Physics world initialized: appHeight=800, physics.ppm=50,0
18:47:01.190 [FXGL Background Thread 1 ] DEBUG PhysicsWorld         - Using strategy: BRUTE_FORCE
18:47:01.196 [FXGL Background Thread 1 ] DEBUG GameScene            - Game scene initialized: 1600x800
18:47:01.212 [FXGL Background Thread 1 ] DEBUG FXGL.DefaultMenu     - createMenuBodyGameMenu()
18:47:01.234 [FXGL Background Thread 1 ] DEBUG FXGL.DefaultMenu     - createOptionsMenu()
18:47:01.247 [FXGL Background Thread 1 ] DEBUG FXGLAssetLoaderServi - Loading from file system: jar:file:///C:/Users/kiril_aisqzer/.m2/repository/com/github/almasb/fxgl/17.2/fxgl-17.2.jar!/fxglassets/textures/particles/smoke.png
18:47:01.344 [FXGL Background Thread 1 ] DEBUG FXGLAssetLoaderServi - Loading from file system: jar:file:///C:/Users/kiril_aisqzer/.m2/repository/com/github/almasb/fxgl/17.2/fxgl-17.2.jar!/fxglassets/textures/particles/trace_horizontal.png
18:47:01.371 [FXGL Background Thread 1 ] DEBUG GameApplicationServi - Application scenes initialized
18:47:01.392 [FXGL Background Thread 1 ] DEBUG SystemBundleService  - Loading FXGL system data
18:47:01.393 [FXGL Background Thread 1 ] DEBUG FileSystemAccess     - Reading from: D:\WarAge\WarAge-TD\system\fxgl.bundle
18:47:01.399 [FXGL Background Thread 1 ] DEBUG SystemBundleService  - Bundle FXGL: {}
18:47:01.399 [FXGL Background Thread 1 ] DEBUG UpdaterService       - Checking for updates
18:47:01.405 [FXGL Background Thread 4 ] DEBUG FXGLApplication      - Loading fonts
18:47:01.405 [FXGL Background Thread 1 ] DEBUG FXGLApplication      - Loading default localization
18:47:01.406 [FXGL Background Thread 4 ] DEBUG FXGLAssetLoaderServi - Loading from file system: jar:file:///C:/Users/kiril_aisqzer/.m2/repository/com/github/almasb/fxgl/17.2/fxgl-17.2.jar!/fxglassets/ui/fonts/VarelaRound-Regular.ttf
18:47:01.406 [FXGL Background Thread 1 ] DEBUG FXGLAssetLoaderServi - Loading from file system: jar:file:///C:/Users/kiril_aisqzer/.m2/repository/com/github/almasb/fxgl/17.2/fxgl-17.2.jar!/fxglassets/languages/english.lang
18:47:01.419 [FXGL Background Thread 4 ] DEBUG FXGLAssetLoaderServi - Loading from file system: jar:file:///C:/Users/kiril_aisqzer/.m2/repository/com/github/almasb/fxgl/17.2/fxgl-17.2.jar!/fxglassets/ui/fonts/Abel-Regular.ttf
18:47:01.424 [FXGL Background Thread 4 ] DEBUG FXGLAssetLoaderServi - Loading from file system: jar:file:///C:/Users/kiril_aisqzer/.m2/repository/com/github/almasb/fxgl/17.2/fxgl-17.2.jar!/fxglassets/ui/fonts/TerminalLandMono-Regular.otf
18:47:01.430 [FXGL Background Thread 1 ] INFO  FXGLApplication      - FXGL initialization took: 0,560 sec
18:47:01.432 [FXGL Background Thread 4 ] DEBUG FXGLAssetLoaderServi - Loading from file system: jar:file:///C:/Users/kiril_aisqzer/.m2/repository/com/github/almasb/fxgl/17.2/fxgl-17.2.jar!/fxglassets/ui/fonts/Courier-Prime.ttf
18:47:01.433 [JavaFX Application Thread] DEBUG FXGLAssetLoaderServi - Loading from file system: jar:file:///C:/Users/kiril_aisqzer/.m2/repository/com/github/almasb/fxgl/17.2/fxgl-17.2.jar!/fxglassets/textures/fxgl_icon.png
18:47:01.450 [JavaFX Application Thread] DEBUG FXGLAssetLoaderServi - Loading from file system: jar:file:///C:/Users/kiril_aisqzer/.m2/repository/com/github/almasb/fxgl/17.2/fxgl-17.2.jar!/fxglassets/textures/fxgl_default_cursor.png
18:47:01.459 [JavaFX Application Thread] DEBUG Input                - Registered new binding: Screenshot - CTRL+8
18:47:01.459 [JavaFX Application Thread] DEBUG Input                - Registered new binding: System info dump - CTRL+9
18:47:01.460 [JavaFX Application Thread] DEBUG Input                - Registered new binding: Restart - CTRL+R
18:47:01.460 [JavaFX Application Thread] DEBUG Input                - Registered new binding: Toggle Debug Camera - CTRL+7
18:47:01.465 [JavaFX Application Thread] DEBUG LoopRunner           - Starting loop
18:47:01.465 [JavaFX Application Thread] DEBUG LoopRunner           - Initializing JavaFX AnimationTimerLoop
18:47:01.471 [JavaFX Application Thread] DEBUG GameApplicationServi - Starting new game
18:47:01.472 [JavaFX Application Thread] DEBUG Input                - Clearing active input actions
18:47:01.486 [JavaFX Application Thread] DEBUG GameApplicationServi - Removing overlay from FXGLStartupScene and adding to FXGLLoadingScene
18:47:01.487 [JavaFX Application Thread] DEBUG PrimaryStageWindow   - FXGLStartupScene -> FXGLLoadingScene
18:47:01.487 [JavaFX Application Thread] DEBUG GameApplicationServi - Clearing previous game
18:47:01.487 [JavaFX Application Thread] DEBUG GameScene            - Clearing game scene
18:47:01.487 [JavaFX Application Thread] DEBUG GameWorld            - Clearing game world
18:47:01.487 [JavaFX Application Thread] DEBUG PhysicsWorld         - Clearing physics world
18:47:01.489 [FXGL Background Thread 4 ] DEBUG FXGLApplication      - Initializing game
18:47:01.491 [JavaFX Application Thread] DEBUG FXGLApplication      - Registering font factories with UI factory
18:47:01.551 [FXGL Background Thread 4 ] INFO  FXGLApplication      - Game initialization took: 0,061 sec
18:47:01.557 [JavaFX Application Thread] DEBUG Input                - Clearing active input actions
18:47:01.583 [JavaFX Application Thread] DEBUG GameApplicationServi - Removing overlay from FXGLLoadingScene and adding to GameScene
18:47:01.583 [JavaFX Application Thread] DEBUG PrimaryStageWindow   - FXGLLoadingScene -> GameScene
18:47:02.026 [FXGL Background Thread 2 ] INFO  UpdaterService       - Your current version:  17.2
18:47:02.026 [FXGL Background Thread 2 ] INFO  UpdaterService       - Latest stable version: 21.1
18:47:04.403 [FXGL Background Thread 3 ] DEBUG Engine               - Logging environment variables
18:47:04.403 [FXGL Background Thread 3 ] DEBUG Engine               - achievements: []
18:47:04.403 [FXGL Background Thread 3 ] DEBUG Engine               - actualHeight: 1080.0
18:47:04.403 [FXGL Background Thread 3 ] DEBUG Engine               - actualHeightProperty: ReadOnlyDoubleProperty [value: 1080.0]
18:47:04.403 [FXGL Background Thread 3 ] DEBUG Engine               - actualWidth: 1920.0
18:47:04.403 [FXGL Background Thread 3 ] DEBUG Engine               - actualWidthProperty: ReadOnlyDoubleProperty [value: 1920.0]
18:47:04.403 [FXGL Background Thread 3 ] DEBUG Engine               - appIcon: fxgl_icon.png
18:47:04.403 [FXGL Background Thread 3 ] DEBUG Engine               - applicationMode: DEVELOPER
18:47:04.403 [FXGL Background Thread 3 ] DEBUG Engine               - cSSList: [fxgl_dark.css]
18:47:04.403 [FXGL Background Thread 3 ] DEBUG Engine               - collisionDetectionStrategy: BRUTE_FORCE
18:47:04.403 [FXGL Background Thread 3 ] DEBUG Engine               - configClass: Optional.empty
18:47:04.403 [FXGL Background Thread 3 ] DEBUG Engine               - credits: []
18:47:04.404 [FXGL Background Thread 3 ] DEBUG Engine               - defaultCursor: CursorInfo(imageName=fxgl_default_cursor.png, hotspotX=7.0, hotspotY=6.0)
18:47:04.404 [FXGL Background Thread 3 ] DEBUG Engine               - devBBoxColorProperty: ObjectProperty [value: 0xff0000ff]
18:47:04.404 [FXGL Background Thread 3 ] DEBUG Engine               - devEnableDebugCameraProperty: BooleanProperty [value: false]
18:47:04.404 [FXGL Background Thread 3 ] DEBUG Engine               - devSensorColorProperty: ObjectProperty [value: 0xffff00ff]
18:47:04.404 [FXGL Background Thread 3 ] DEBUG Engine               - devShowBBoxProperty: BooleanProperty [value: false]
18:47:04.404 [FXGL Background Thread 3 ] DEBUG Engine               - devShowPositionProperty: BooleanProperty [value: false]
18:47:04.404 [FXGL Background Thread 3 ] DEBUG Engine               - enabledMenuItems: []
18:47:04.404 [FXGL Background Thread 3 ] DEBUG Engine               - engineServices: [class com.almasb.fxgl.app.services.FXGLAssetLoaderService, class com.almasb.fxgl.app.FXGLApplication$GameApplicationService, class com.almasb.fxgl.app.services.FXGLDialogService, class com.almasb.fxgl.app.services.IOTaskExecutorService, class com.almasb.fxgl.io.FileSystemService, class com.almasb.fxgl.localization.LocalizationService, class com.almasb.fxgl.app.services.SystemBundleService, class com.almasb.fxgl.profile.SaveLoadService, class com.almasb.fxgl.ui.FXGLUIFactoryServiceProvider, class com.almasb.fxgl.ui.FXGLDialogFactoryServiceProvider, class com.almasb.fxgl.audio.AudioPlayer, class com.almasb.fxgl.notification.impl.NotificationServiceProvider, class com.almasb.fxgl.achievement.AchievementService, class com.almasb.fxgl.cutscene.CutsceneService, class com.almasb.fxgl.minigames.MiniGameService, class com.almasb.fxgl.net.NetService, class com.almasb.fxgl.app.services.UpdaterService, class com.almasb.fxgl.dev.DevService]
18:47:04.404 [FXGL Background Thread 3 ] DEBUG Engine               - fontGame: Abel-Regular.ttf
18:47:04.404 [FXGL Background Thread 3 ] DEBUG Engine               - fontMono: TerminalLandMono-Regular.otf
18:47:04.404 [FXGL Background Thread 3 ] DEBUG Engine               - fontText: Courier-Prime.ttf
18:47:04.404 [FXGL Background Thread 3 ] DEBUG Engine               - fontUI: VarelaRound-Regular.ttf
18:47:04.404 [FXGL Background Thread 3 ] DEBUG Engine               - fullScreen: BooleanProperty [value: true]
18:47:04.404 [FXGL Background Thread 3 ] DEBUG Engine               - gameDifficulty: MEDIUM
18:47:04.404 [FXGL Background Thread 3 ] DEBUG Engine               - gameDifficultyProperty: ObjectProperty [value: MEDIUM]
18:47:04.404 [FXGL Background Thread 3 ] DEBUG Engine               - globalMusicVolume: 0.5
18:47:04.404 [FXGL Background Thread 3 ] DEBUG Engine               - globalMusicVolumeProperty: DoubleProperty [value: 0.5]
18:47:04.404 [FXGL Background Thread 3 ] DEBUG Engine               - globalSoundVolume: 0.5
18:47:04.404 [FXGL Background Thread 3 ] DEBUG Engine               - globalSoundVolumeProperty: DoubleProperty [value: 0.5]
18:47:04.405 [FXGL Background Thread 3 ] DEBUG Engine               - height: 800
18:47:04.405 [FXGL Background Thread 3 ] DEBUG Engine               - is3D: false
18:47:04.405 [FXGL Background Thread 3 ] DEBUG Engine               - isAndroid: false
18:47:04.405 [FXGL Background Thread 3 ] DEBUG Engine               - isBrowser: false
18:47:04.405 [FXGL Background Thread 3 ] DEBUG Engine               - isClickFeedbackEnabled: false
18:47:04.405 [FXGL Background Thread 3 ] DEBUG Engine               - isCloseConfirmation: false
18:47:04.405 [FXGL Background Thread 3 ] DEBUG Engine               - isDesktop: true
18:47:04.405 [FXGL Background Thread 3 ] DEBUG Engine               - isDeveloperMenuEnabled: false
18:47:04.405 [FXGL Background Thread 3 ] DEBUG Engine               - isEmbedded: false
18:47:04.405 [FXGL Background Thread 3 ] DEBUG Engine               - isEntityPreloadEnabled: true
18:47:04.405 [FXGL Background Thread 3 ] DEBUG Engine               - isExperimentalTiledLargeMap: false
18:47:04.405 [FXGL Background Thread 3 ] DEBUG Engine               - isFileSystemWriteAllowed: true
18:47:04.405 [FXGL Background Thread 3 ] DEBUG Engine               - isFullScreenAllowed: true
18:47:04.405 [FXGL Background Thread 3 ] DEBUG Engine               - isFullScreenFromStart: true
18:47:04.405 [FXGL Background Thread 3 ] DEBUG Engine               - isGameMenuEnabled: true
18:47:04.405 [FXGL Background Thread 3 ] DEBUG Engine               - isIOS: false
18:47:04.405 [FXGL Background Thread 3 ] DEBUG Engine               - isIntroEnabled: false
18:47:04.405 [FXGL Background Thread 3 ] DEBUG Engine               - isLinux: false
18:47:04.405 [FXGL Background Thread 3 ] DEBUG Engine               - isMac: false
18:47:04.405 [FXGL Background Thread 3 ] DEBUG Engine               - isMainMenuEnabled: false
18:47:04.405 [FXGL Background Thread 3 ] DEBUG Engine               - isManualResizeEnabled: false
18:47:04.405 [FXGL Background Thread 3 ] DEBUG Engine               - isMobile: false
18:47:04.405 [FXGL Background Thread 3 ] DEBUG Engine               - isNative: false
18:47:04.405 [FXGL Background Thread 3 ] DEBUG Engine               - isPauseMusicWhenMinimized: true
18:47:04.406 [FXGL Background Thread 3 ] DEBUG Engine               - isPreserveResizeRatio: false
18:47:04.406 [FXGL Background Thread 3 ] DEBUG Engine               - isProfilingEnabled: false
18:47:04.406 [FXGL Background Thread 3 ] DEBUG Engine               - isScaleAffectedOnResize: true
18:47:04.406 [FXGL Background Thread 3 ] DEBUG Engine               - isSingleStep: false
18:47:04.406 [FXGL Background Thread 3 ] DEBUG Engine               - isUserProfileEnabled: false
18:47:04.406 [FXGL Background Thread 3 ] DEBUG Engine               - isWindows: true
18:47:04.406 [FXGL Background Thread 3 ] DEBUG Engine               - language: ObjectProperty [value: ENGLISH]
18:47:04.406 [FXGL Background Thread 3 ] DEBUG Engine               - menuKey: ESCAPE
18:47:04.406 [FXGL Background Thread 3 ] DEBUG Engine               - mouseSensitivity: 0.2
18:47:04.406 [FXGL Background Thread 3 ] DEBUG Engine               - notificationViewClass: class com.almasb.fxgl.notification.view.XboxNotificationView
18:47:04.406 [FXGL Background Thread 3 ] DEBUG Engine               - pixelsPerMeter: 50.0
18:47:04.406 [FXGL Background Thread 3 ] DEBUG Engine               - platform: WINDOWS
18:47:04.406 [FXGL Background Thread 3 ] DEBUG Engine               - prefHeightProperty: ReadOnlyDoubleProperty [value: 800.0]
18:47:04.406 [FXGL Background Thread 3 ] DEBUG Engine               - prefWidthProperty: ReadOnlyDoubleProperty [value: 1600.0]
18:47:04.406 [FXGL Background Thread 3 ] DEBUG Engine               - profileDir: profiles/
18:47:04.406 [FXGL Background Thread 3 ] DEBUG Engine               - profileName: StringProperty [value: DEFAULT]
18:47:04.406 [FXGL Background Thread 3 ] DEBUG Engine               - randomSeed: -1
18:47:04.406 [FXGL Background Thread 3 ] DEBUG Engine               - runtimeInfo: RuntimeInfo(platform=WINDOWS, version=17.2, build=20.08.2022 16.50)
18:47:04.406 [FXGL Background Thread 3 ] DEBUG Engine               - saveFileExt: sav
18:47:04.406 [FXGL Background Thread 3 ] DEBUG Engine               - scaledHeightProp$fxgl: DoubleProperty [bound, value: 1080.0]
18:47:04.406 [FXGL Background Thread 3 ] DEBUG Engine               - scaledWidthProp$fxgl: DoubleProperty [bound, value: 1920.0]
18:47:04.406 [FXGL Background Thread 3 ] DEBUG Engine               - sceneFactory: com.almasb.fxgl.app.scene.SceneFactory@652cb617
18:47:04.407 [FXGL Background Thread 3 ] DEBUG Engine               - secondsIn24h: 60
18:47:04.407 [FXGL Background Thread 3 ] DEBUG Engine               - soundMenuBack: menu/back.wav
18:47:04.407 [FXGL Background Thread 3 ] DEBUG Engine               - soundMenuPress: menu/press.wav
18:47:04.407 [FXGL Background Thread 3 ] DEBUG Engine               - soundMenuSelect: menu/select.wav
18:47:04.407 [FXGL Background Thread 3 ] DEBUG Engine               - soundNotification: core/notification.wav
18:47:04.407 [FXGL Background Thread 3 ] DEBUG Engine               - stageStyle: DECORATED
18:47:04.407 [FXGL Background Thread 3 ] DEBUG Engine               - supportedLanguages: [ENGLISH, FRENCH, GERMAN, HUNGARIAN, RUSSIAN]
18:47:04.407 [FXGL Background Thread 3 ] DEBUG Engine               - ticksPerSecond: -1
18:47:04.407 [FXGL Background Thread 3 ] DEBUG Engine               - title: WarAge
18:47:04.407 [FXGL Background Thread 3 ] DEBUG Engine               - urlGithub: https://github.com/AlmasB/FXGL
18:47:04.407 [FXGL Background Thread 3 ] DEBUG Engine               - urlLeaderboard: http://fxgl-top.herokuapp.com/
18:47:04.407 [FXGL Background Thread 3 ] DEBUG Engine               - urlPOM: https://raw.githubusercontent.com/AlmasB/FXGL/release/README.md
18:47:04.407 [FXGL Background Thread 3 ] DEBUG Engine               - userAppClass: class com.warage.TowerDefenseGameApp
18:47:04.407 [FXGL Background Thread 3 ] DEBUG Engine               - version: 0.1
18:47:04.407 [FXGL Background Thread 3 ] DEBUG Engine               - versionCheckDays: 7
18:47:04.407 [FXGL Background Thread 3 ] DEBUG Engine               - width: 1600
18:47:04.407 [FXGL Background Thread 3 ] DEBUG Engine               - Logging services
18:47:04.407 [FXGL Background Thread 3 ] DEBUG Engine               - class com.almasb.fxgl.app.services.FXGLAssetLoaderService
18:47:04.407 [FXGL Background Thread 3 ] DEBUG Engine               - class com.almasb.fxgl.app.FXGLApplication$GameApplicationService
18:47:04.407 [FXGL Background Thread 3 ] DEBUG Engine               - class com.almasb.fxgl.app.services.FXGLDialogService
18:47:04.407 [FXGL Background Thread 3 ] DEBUG Engine               - class com.almasb.fxgl.app.services.IOTaskExecutorService
18:47:04.407 [FXGL Background Thread 3 ] DEBUG Engine               - class com.almasb.fxgl.io.FileSystemService
18:47:04.407 [FXGL Background Thread 3 ] DEBUG Engine               - class com.almasb.fxgl.localization.LocalizationService
18:47:04.407 [FXGL Background Thread 3 ] DEBUG Engine               - class com.almasb.fxgl.app.services.SystemBundleService
18:47:04.407 [FXGL Background Thread 3 ] DEBUG Engine               - class com.almasb.fxgl.profile.SaveLoadService
18:47:04.407 [FXGL Background Thread 3 ] DEBUG Engine               - class com.almasb.fxgl.ui.FXGLUIFactoryServiceProvider
18:47:04.407 [FXGL Background Thread 3 ] DEBUG Engine               - class com.almasb.fxgl.ui.FXGLDialogFactoryServiceProvider
18:47:04.407 [FXGL Background Thread 3 ] DEBUG Engine               - class com.almasb.fxgl.audio.AudioPlayer
18:47:04.407 [FXGL Background Thread 3 ] DEBUG Engine               - class com.almasb.fxgl.notification.impl.NotificationServiceProvider
18:47:04.407 [FXGL Background Thread 3 ] DEBUG Engine               - class com.almasb.fxgl.achievement.AchievementService
18:47:04.407 [FXGL Background Thread 3 ] DEBUG Engine               - class com.almasb.fxgl.cutscene.CutsceneService
18:47:04.407 [FXGL Background Thread 3 ] DEBUG Engine               - class com.almasb.fxgl.minigames.MiniGameService
18:47:04.407 [FXGL Background Thread 3 ] DEBUG Engine               - class com.almasb.fxgl.net.NetService
18:47:04.407 [FXGL Background Thread 3 ] DEBUG Engine               - class com.almasb.fxgl.app.services.UpdaterService
18:47:04.407 [FXGL Background Thread 3 ] DEBUG Engine               - class com.almasb.fxgl.dev.DevService
18:50:04.802 [JavaFX Application Thread] DEBUG PrimaryStageWindow   - Push state: FXGLDefaultMenu
18:50:04.804 [JavaFX Application Thread] DEBUG Input                - Clearing active input actions
18:50:04.806 [JavaFX Application Thread] DEBUG GameApplicationServi - Removing overlay from GameScene and adding to FXGLDefaultMenu
18:50:04.806 [JavaFX Application Thread] DEBUG PrimaryStageWindow   - GameScene -> FXGLDefaultMenu
18:50:06.560 [JavaFX Application Thread] DEBUG Menu                 - fireExit()
18:50:06.568 [JavaFX Application Thread] DEBUG PrimaryStageWindow   - Push state: DialogSubScene
18:50:06.569 [JavaFX Application Thread] DEBUG Input                - Clearing active input actions
18:50:06.569 [JavaFX Application Thread] DEBUG GameApplicationServi - Removing overlay from FXGLDefaultMenu and adding to DialogSubScene
18:50:06.570 [JavaFX Application Thread] DEBUG PrimaryStageWindow   - FXGLDefaultMenu -> DialogSubScene
18:50:07.726 [JavaFX Application Thread] DEBUG PrimaryStageWindow   - Pop state: DialogSubScene
18:50:07.726 [JavaFX Application Thread] DEBUG Input                - Clearing active input actions
18:50:07.726 [JavaFX Application Thread] DEBUG GameApplicationServi - Removing overlay from DialogSubScene and adding to FXGLDefaultMenu
18:50:07.726 [JavaFX Application Thread] DEBUG PrimaryStageWindow   - FXGLDefaultMenu <- DialogSubScene
18:50:07.727 [JavaFX Application Thread] DEBUG FXGLApplication      - Exiting FXGL
18:50:07.727 [JavaFX Application Thread] DEBUG LoopRunner           - Stopping loop
18:50:07.727 [JavaFX Application Thread] DEBUG SystemBundleService  - Saving FXGL system data
18:50:07.729 [JavaFX Application Thread] DEBUG FileSystemAccess     - Writing to: D:\WarAge\WarAge-TD\system\fxgl.bundle
18:50:07.731 [JavaFX Application Thread] DEBUG Async                - Shutting down background threads
18:50:07.731 [JavaFX Application Thread] DEBUG PrimaryStageWindow   - Closing main window
18:50:07.772 [JavaFX Application Thread] DEBUG Logger               - Closing Logger
